[[1;34mINFO[m] Scanning for projects...
[[1;34mINFO[m] [1m------------------------------------------------------------------------[m
[[1;34mINFO[m] [1mReactor Build Order:[m
[[1;34mINFO[m] 
[[1;34mINFO[m] simpleSquares                                                      [pom]
[[1;34mINFO[m] interfaces                                                         [jar]
[[1;34mINFO[m] problem                                                            [jar]
[[1;34mINFO[m] GPS                                                                [jar]
[[1;34mINFO[m] 
[[1;34mINFO[m] [1m-------------------< [0;36mar.edu.itba.sia:simpleSquares[0;1m >--------------------[m
[[1;34mINFO[m] [1mBuilding simpleSquares 1.0                                         [1/4][m
[[1;34mINFO[m] [1m--------------------------------[ pom ]---------------------------------[m
[[1;34mINFO[m] 
[[1;34mINFO[m] [1m---------------------< [0;36mar.edu.itba.sia:interfaces[0;1m >---------------------[m
[[1;34mINFO[m] [1mBuilding interfaces 1.0                                            [2/4][m
[[1;34mINFO[m] [1m--------------------------------[ jar ]---------------------------------[m
[[1;34mINFO[m] 
[[1;34mINFO[m] [1m--- [0;32mmaven-resources-plugin:3.0.2:resources[m [1m(default-resources)[m @ [36minterfaces[0;1m ---[m
[[1;34mINFO[m] Using 'UTF-8' encoding to copy filtered resources.
[[1;34mINFO[m] skip non existing resourceDirectory /home/jtorreguitar/itba/sia/simpleSquares/interfaces/src/main/resources
[[1;34mINFO[m] 
[[1;34mINFO[m] [1m--- [0;32mmaven-compiler-plugin:3.8.0:compile[m [1m(default-compile)[m @ [36minterfaces[0;1m ---[m
[[1;34mINFO[m] Nothing to compile - all classes are up to date
[[1;34mINFO[m] 
[[1;34mINFO[m] [1m--- [0;32mmaven-resources-plugin:3.0.2:testResources[m [1m(default-testResources)[m @ [36minterfaces[0;1m ---[m
[[1;34mINFO[m] Using 'UTF-8' encoding to copy filtered resources.
[[1;34mINFO[m] skip non existing resourceDirectory /home/jtorreguitar/itba/sia/simpleSquares/interfaces/src/test/resources
[[1;34mINFO[m] 
[[1;34mINFO[m] [1m--- [0;32mmaven-compiler-plugin:3.8.0:testCompile[m [1m(default-testCompile)[m @ [36minterfaces[0;1m ---[m
[[1;34mINFO[m] Nothing to compile - all classes are up to date
[[1;34mINFO[m] 
[[1;34mINFO[m] [1m--- [0;32mmaven-surefire-plugin:2.22.1:test[m [1m(default-test)[m @ [36minterfaces[0;1m ---[m
[[1;34mINFO[m] 
[[1;34mINFO[m] -------------------------------------------------------
[[1;34mINFO[m]  T E S T S
[[1;34mINFO[m] -------------------------------------------------------
[[1;34mINFO[m] Running ar.edu.itba.sia.interfaces.[1mAppTest[m
[[1;34mINFO[m] [1;32mTests run: [0;1;32m1[m, Failures: 0, Errors: 0, Skipped: 0, Time elapsed: 0.025 s - in ar.edu.itba.sia.interfaces.[1mAppTest[m
[[1;34mINFO[m] 
[[1;34mINFO[m] Results:
[[1;34mINFO[m] 
[[1;34mINFO[m] [1;32mTests run: 1, Failures: 0, Errors: 0, Skipped: 0[m
[[1;34mINFO[m] 
[[1;34mINFO[m] 
[[1;34mINFO[m] [1m--- [0;32mmaven-jar-plugin:3.0.2:jar[m [1m(default-jar)[m @ [36minterfaces[0;1m ---[m
[[1;34mINFO[m] 
[[1;34mINFO[m] [1m----------------------< [0;36mar.edu.itba.sia:problem[0;1m >-----------------------[m
[[1;34mINFO[m] [1mBuilding problem 1.0                                               [3/4][m
[[1;34mINFO[m] [1m--------------------------------[ jar ]---------------------------------[m
[[1;34mINFO[m] 
[[1;34mINFO[m] [1m--- [0;32mmaven-resources-plugin:3.0.2:resources[m [1m(default-resources)[m @ [36mproblem[0;1m ---[m
[[1;34mINFO[m] Using 'UTF-8' encoding to copy filtered resources.
[[1;34mINFO[m] skip non existing resourceDirectory /home/jtorreguitar/itba/sia/simpleSquares/problem/src/main/resources
[[1;34mINFO[m] 
[[1;34mINFO[m] [1m--- [0;32mmaven-compiler-plugin:3.8.1:compile[m [1m(default-compile)[m @ [36mproblem[0;1m ---[m
[[1;34mINFO[m] Nothing to compile - all classes are up to date
[[1;34mINFO[m] 
[[1;34mINFO[m] [1m--- [0;32mmaven-resources-plugin:3.0.2:testResources[m [1m(default-testResources)[m @ [36mproblem[0;1m ---[m
[[1;34mINFO[m] Using 'UTF-8' encoding to copy filtered resources.
[[1;34mINFO[m] skip non existing resourceDirectory /home/jtorreguitar/itba/sia/simpleSquares/problem/src/test/resources
[[1;34mINFO[m] 
[[1;34mINFO[m] [1m--- [0;32mmaven-compiler-plugin:3.8.1:testCompile[m [1m(default-testCompile)[m @ [36mproblem[0;1m ---[m
[[1;34mINFO[m] No sources to compile
[[1;34mINFO[m] 
[[1;34mINFO[m] [1m--- [0;32mmaven-surefire-plugin:2.22.1:test[m [1m(default-test)[m @ [36mproblem[0;1m ---[m
[[1;34mINFO[m] No tests to run.
[[1;34mINFO[m] 
[[1;34mINFO[m] [1m--- [0;32mmaven-jar-plugin:3.0.2:jar[m [1m(default-jar)[m @ [36mproblem[0;1m ---[m
[[1;34mINFO[m] 
[[1;34mINFO[m] [1m------------------------< [0;36mar.edu.itba.sia:GPS[0;1m >-------------------------[m
[[1;34mINFO[m] [1mBuilding GPS 1.0                                                   [4/4][m
[[1;34mINFO[m] [1m--------------------------------[ jar ]---------------------------------[m
[[1;34mINFO[m] 
[[1;34mINFO[m] [1m--- [0;32mmaven-resources-plugin:3.0.2:resources[m [1m(default-resources)[m @ [36mGPS[0;1m ---[m
[[1;34mINFO[m] Using 'UTF-8' encoding to copy filtered resources.
[[1;34mINFO[m] skip non existing resourceDirectory /home/jtorreguitar/itba/sia/simpleSquares/GPS/src/main/resources
[[1;34mINFO[m] 
[[1;34mINFO[m] [1m--- [0;32mmaven-compiler-plugin:3.8.0:compile[m [1m(default-compile)[m @ [36mGPS[0;1m ---[m
[[1;34mINFO[m] Nothing to compile - all classes are up to date
[[1;34mINFO[m] 
[[1;34mINFO[m] [1m--- [0;32mmaven-resources-plugin:3.0.2:testResources[m [1m(default-testResources)[m @ [36mGPS[0;1m ---[m
[[1;34mINFO[m] Using 'UTF-8' encoding to copy filtered resources.
[[1;34mINFO[m] skip non existing resourceDirectory /home/jtorreguitar/itba/sia/simpleSquares/GPS/src/test/resources
[[1;34mINFO[m] 
[[1;34mINFO[m] [1m--- [0;32mmaven-compiler-plugin:3.8.0:testCompile[m [1m(default-testCompile)[m @ [36mGPS[0;1m ---[m
[[1;34mINFO[m] Nothing to compile - all classes are up to date
[[1;34mINFO[m] 
[[1;34mINFO[m] [1m--- [0;32mmaven-surefire-plugin:2.22.1:test[m [1m(default-test)[m @ [36mGPS[0;1m ---[m
[[1;34mINFO[m] 
[[1;34mINFO[m] -------------------------------------------------------
[[1;34mINFO[m]  T E S T S
[[1;34mINFO[m] -------------------------------------------------------
[[1;34mINFO[m] Running ar.edu.itba.sia.GPS.[1mUnitCostGPSTests[m
Running UnitCost engines
Finding bfs solution
Unit cost OK
[[1;31mERROR[m] [1;31mTests [0;1mrun: [0;1m1[m, Failures: 0, [1;31mErrors: [0;1;31m1[m, Skipped: 0, Time elapsed: 0.044 s[1;31m <<< FAILURE![m - in ar.edu.itba.sia.GPS.[1mUnitCostGPSTests[m
[[1;31mERROR[m] ar.edu.itba.sia.GPS.UnitCostGPSTests  Time elapsed: 0.044 s  <<< ERROR!
java.util.NoSuchElementException: No value present
	at ar.edu.itba.sia.GPS.UnitCostGPSTests.setUp(UnitCostGPSTests.java:32)

[[1;34mINFO[m] Running ar.edu.itba.sia.GPS.[1mHeuristicGPSTests[m
Running Heuristic engines
Finding Better heuristic solution
Heuristic OK
[[1;31mERROR[m] [1;31mTests [0;1mrun: [0;1m1[m, Failures: 0, [1;31mErrors: [0;1;31m1[m, Skipped: 0, Time elapsed: 0 s[1;31m <<< FAILURE![m - in ar.edu.itba.sia.GPS.[1mHeuristicGPSTests[m
[[1;31mERROR[m] ar.edu.itba.sia.GPS.HeuristicGPSTests  Time elapsed: 0 s  <<< ERROR!
java.util.NoSuchElementException: No value present
	at ar.edu.itba.sia.GPS.HeuristicGPSTests.setUp(HeuristicGPSTests.java:26)

[[1;34mINFO[m] Running ar.edu.itba.sia.GPS.[1mNoUnitCostGPSTests[m
Running NoUnitCost engines
Finding BFS solution
Estados generados: 532
Altura de la soluciÃ³n: 7
NÃºmero de nodos frontera: 144
NÃºmero de nodos expandidos: 388
Tiempo de ejecuciÃ³n: 0.038 segundos
Costo de la soluciÃ³n: 17.0
Repeticiones omitidas: 2574


Movimientos elegidos para ganar: 


Estado inicial:

Costo acumulado 0.0

ar.edu.itba.sia.GPS.walk.WalkingState@1f
Movimiento 1:

Costo 1.0

Costo acumulado 1.0

ar.edu.itba.sia.GPS.walk.WalkingState@20
Movimiento 2:

Costo 1.0

Costo acumulado 2.0

ar.edu.itba.sia.GPS.walk.WalkingState@21
Movimiento 3:

Costo 3.0

Costo acumulado 5.0

ar.edu.itba.sia.GPS.walk.WalkingState@41
Movimiento 4:

Costo 3.0

Costo acumulado 8.0

ar.edu.itba.sia.GPS.walk.WalkingState@61
Movimiento 5:

Costo 3.0

Costo acumulado 11.0

ar.edu.itba.sia.GPS.walk.WalkingState@81
Movimiento 6:

Costo 3.0

Costo acumulado 14.0

ar.edu.itba.sia.GPS.walk.WalkingState@a1
Movimiento 7:

Costo 3.0

Costo acumulado 17.0

ar.edu.itba.sia.GPS.walk.WalkingState@c1
BFS time 0.021s
Finding A* solution
Estados generados: 84
Altura de la soluciÃ³n: 11
NÃºmero de nodos frontera: 49
NÃºmero de nodos expandidos: 35
Tiempo de ejecuciÃ³n: 0.047 segundos
Costo de la soluciÃ³n: 13.0
Repeticiones omitidas: 2771


Movimientos elegidos para ganar: 


Estado inicial:

Costo acumulado 0.0

ar.edu.itba.sia.GPS.walk.WalkingState@1f
Movimiento 1:

Costo 1.0

Costo acumulado 1.0

ar.edu.itba.sia.GPS.walk.WalkingState@3e
Movimiento 2:

Costo 1.0

Costo acumulado 2.0

ar.edu.itba.sia.GPS.walk.WalkingState@5d
Movimiento 3:

Costo 1.0

Costo acumulado 3.0

ar.edu.itba.sia.GPS.walk.WalkingState@7c
Movimiento 4:

Costo 1.0

Costo acumulado 4.0

ar.edu.itba.sia.GPS.walk.WalkingState@9b
Movimiento 5:

Costo 3.0

Costo acumulado 7.0

ar.edu.itba.sia.GPS.walk.WalkingState@bb
Movimiento 6:

Costo 1.0

Costo acumulado 8.0

ar.edu.itba.sia.GPS.walk.WalkingState@bc
Movimiento 7:

Costo 1.0

Costo acumulado 9.0

ar.edu.itba.sia.GPS.walk.WalkingState@bd
Movimiento 8:

Costo 1.0

Costo acumulado 10.0

ar.edu.itba.sia.GPS.walk.WalkingState@be
Movimiento 9:

Costo 1.0

Costo acumulado 11.0

ar.edu.itba.sia.GPS.walk.WalkingState@bf
Movimiento 10:

Costo 1.0

Costo acumulado 12.0

ar.edu.itba.sia.GPS.walk.WalkingState@c0
Movimiento 11:

Costo 1.0

Costo acumulado 13.0

ar.edu.itba.sia.GPS.walk.WalkingState@c1
A* time 0.002s
NoUnitCost engine ran, running the tests
[[1;31mERROR[m] [1;31mTests [0;1mrun: [0;1m3[m, [1;31mFailures: [0;1;31m2[m, Errors: 0, Skipped: 0, Time elapsed: 0.029 s[1;31m <<< FAILURE![m - in ar.edu.itba.sia.GPS.[1mNoUnitCostGPSTests[m
[[1;31mERROR[m] differDepthSolution(ar.edu.itba.sia.GPS.NoUnitCostGPSTests)  Time elapsed: 0.002 s  <<< FAILURE!
java.lang.AssertionError: In this case, A* have a deeper solution than BFS. A* depth: 13, BFS depth: 17
	at ar.edu.itba.sia.GPS.NoUnitCostGPSTests.differDepthSolution(NoUnitCostGPSTests.java:39)

[[1;31mERROR[m] generalTests(ar.edu.itba.sia.GPS.NoUnitCostGPSTests)  Time elapsed: 0 s  <<< FAILURE!
java.lang.AssertionError: After findSolution with a no solution problem, the finished flag was not set, with ASTAR strategy
	at ar.edu.itba.sia.GPS.NoUnitCostGPSTests.generalTests(NoUnitCostGPSTests.java:46)

[[1;34mINFO[m] Running ar.edu.itba.sia.GPS.[1mNoSolutionTests[m
Running NoSolution engines
Finding bfs solution
Not solution OK
[[1;31mERROR[m] [1;31mTests [0;1mrun: [0;1m1[m, Failures: 0, [1;31mErrors: [0;1;31m1[m, Skipped: 0, Time elapsed: 0.003 s[1;31m <<< FAILURE![m - in ar.edu.itba.sia.GPS.[1mNoSolutionTests[m
[[1;31mERROR[m] ar.edu.itba.sia.GPS.NoSolutionTests  Time elapsed: 0.003 s  <<< ERROR!
java.util.NoSuchElementException: No value present
	at ar.edu.itba.sia.GPS.NoSolutionTests.setUp(NoSolutionTests.java:33)

[[1;34mINFO[m] 
[[1;34mINFO[m] Results:
[[1;34mINFO[m] 
[[1;31mERROR[m] [1;31mFailures: [m
[[1;31mERROR[m] [1;31m  NoUnitCostGPSTests.differDepthSolution:39 In this case, A* have a deeper solution than BFS. A* depth: 13, BFS depth: 17[m
[[1;31mERROR[m] [1;31m  NoUnitCostGPSTests.generalTests:46 After findSolution with a no solution problem, the finished flag was not set, with ASTAR strategy[m
[[1;31mERROR[m] [1;31mErrors: [m
[[1;31mERROR[m] [1;31m  HeuristicGPSTests.setUp:26 Â» NoSuchElement No value present[m
[[1;31mERROR[m] [1;31m  NoSolutionTests.setUp:33 Â» NoSuchElement No value present[m
[[1;31mERROR[m] [1;31m  UnitCostGPSTests.setUp:32 Â» NoSuchElement No value present[m
[[1;34mINFO[m] 
[[1;31mERROR[m] [1;31mTests run: 6, Failures: 2, Errors: 3, Skipped: 0[m
[[1;34mINFO[m] 
[[1;34mINFO[m] [1m------------------------------------------------------------------------[m
[[1;34mINFO[m] [1mReactor Summary for simpleSquares 1.0:[m
[[1;34mINFO[m] 
[[1;34mINFO[m] simpleSquares ...................................... [1;32mSUCCESS[m [  0.001 s]
[[1;34mINFO[m] interfaces ......................................... [1;32mSUCCESS[m [  2.690 s]
[[1;34mINFO[m] problem ............................................ [1;32mSUCCESS[m [  0.114 s]
[[1;34mINFO[m] GPS ................................................ [1;31mFAILURE[m [  0.640 s]
[[1;34mINFO[m] [1m------------------------------------------------------------------------[m
[[1;34mINFO[m] [1;31mBUILD FAILURE[m
[[1;34mINFO[m] [1m------------------------------------------------------------------------[m
[[1;34mINFO[m] Total time:  3.578 s
[[1;34mINFO[m] Finished at: 2019-08-31T14:39:32-03:00
[[1;34mINFO[m] [1m------------------------------------------------------------------------[m
[[1;31mERROR[m] Failed to execute goal [32morg.apache.maven.plugins:maven-surefire-plugin:2.22.1:test[m [1m(default-test)[m on project [36mGPS[m: [1;31mThere are test failures.[m
[[1;31mERROR[m] [1;31m[m
[[1;31mERROR[m] [1;31mPlease refer to /home/jtorreguitar/itba/sia/simpleSquares/GPS/target/surefire-reports for the individual test results.[m
[[1;31mERROR[m] [1;31mPlease refer to dump files (if any exist) [date].dump, [date]-jvmRun[N].dump and [date].dumpstream.[m
[[1;31mERROR[m] -> [1m[Help 1][m
[[1;31mERROR[m] 
[[1;31mERROR[m] To see the full stack trace of the errors, re-run Maven with the [1m-e[m switch.
[[1;31mERROR[m] Re-run Maven using the [1m-X[m switch to enable full debug logging.
[[1;31mERROR[m] 
[[1;31mERROR[m] For more information about the errors and possible solutions, please read the following articles:
[[1;31mERROR[m] [1m[Help 1][m http://cwiki.apache.org/confluence/display/MAVEN/MojoFailureException
[[1;31mERROR[m] 
[[1;31mERROR[m] After correcting the problems, you can resume the build with the command
[[1;31mERROR[m]   [1mmvn <goals> -rf :GPS[m
